ARM GAS  C:\Users\李瑞强\AppData\Local\Temp\ccGwa6sh.s 			page 1


   1              		.cpu cortex-m4
   2              		.eabi_attribute 27, 1
   3              		.eabi_attribute 28, 1
   4              		.eabi_attribute 20, 1
   5              		.eabi_attribute 21, 1
   6              		.eabi_attribute 23, 3
   7              		.eabi_attribute 24, 1
   8              		.eabi_attribute 25, 1
   9              		.eabi_attribute 26, 1
  10              		.eabi_attribute 30, 6
  11              		.eabi_attribute 34, 1
  12              		.eabi_attribute 18, 4
  13              		.file	"los_memcheck.c"
  14              		.text
  15              	.Ltext0:
  16              		.cfi_sections	.debug_frame
  17              		.global	memexc_count
  18              		.section	.bss.memexc_count,"aw",%nobits
  19              		.align	2
  22              	memexc_count:
  23 0000 00000000 		.space	4
  24              		.text
  25              	.Letext0:
  26              		.file 1 "c:\\users\\\300\356\310\360\307\277\\opensourcetools\\gnu tools arm embedded\\7 2018-q2-u
  27              		.file 2 "c:\\users\\\300\356\310\360\307\277\\opensourcetools\\gnu tools arm embedded\\7 2018-q2-u
  28              		.file 3 "c:\\users\\\300\356\310\360\307\277\\opensourcetools\\gnu tools arm embedded\\7 2018-q2-u
  29              		.file 4 "c:\\users\\\300\356\310\360\307\277\\opensourcetools\\gnu tools arm embedded\\7 2018-q2-u
  30              		.file 5 "c:\\users\\\300\356\310\360\307\277\\opensourcetools\\gnu tools arm embedded\\7 2018-q2-u
  31              		.file 6 "C:/Users/\300\356\310\360\307\277/.icode/sdk/IoT_LINK_1.0.0/iot_link/os/liteos/include/lo
  32              		.file 7 "c:\\users\\\300\356\310\360\307\277\\opensourcetools\\gnu tools arm embedded\\7 2018-q2-u
  33              		.file 8 "C:/Users/\300\356\310\360\307\277/.icode/sdk/IoT_LINK_1.0.0/iot_link/os/liteos/arch/arm/c
  34              		.file 9 "D:/shiyan/shiyan2/targets/STM32L431_BearPi/Inc/system_stm32l4xx.h"
  35              		.file 10 "C:/Users/\300\356\310\360\307\277/.icode/sdk/IoT_LINK_1.0.0/iot_link/os/liteos/arch/arm/
  36              		.file 11 "C:/Users/\300\356\310\360\307\277/.icode/sdk/IoT_LINK_1.0.0/iot_link/os/liteos/include/l
  37              		.file 12 "C:/Users/\300\356\310\360\307\277/.icode/sdk/IoT_LINK_1.0.0/iot_link/os/liteos/include/l
  38              		.file 13 "C:/Users/\300\356\310\360\307\277/.icode/sdk/IoT_LINK_1.0.0/iot_link/os/liteos/include/l
  39              		.file 14 "C:/Users/\300\356\310\360\307\277/.icode/sdk/IoT_LINK_1.0.0/iot_link/os/liteos/include/l
  40              		.file 15 "C:/Users/\300\356\310\360\307\277/.icode/sdk/IoT_LINK_1.0.0/iot_link/os/liteos/base/mem/
ARM GAS  C:\Users\李瑞强\AppData\Local\Temp\ccGwa6sh.s 			page 2


DEFINED SYMBOLS
                            *ABS*:00000000 los_memcheck.c
C:\Users\李瑞强\AppData\Local\Temp\ccGwa6sh.s:22     .bss.memexc_count:00000000 memexc_count
C:\Users\李瑞强\AppData\Local\Temp\ccGwa6sh.s:19     .bss.memexc_count:00000000 $d

NO UNDEFINED SYMBOLS
