ARM GAS  C:\Users\李瑞强\AppData\Local\Temp\ccS8oZ6Z.s 			page 1


   1              		.cpu cortex-m4
   2              		.eabi_attribute 27, 1
   3              		.eabi_attribute 28, 1
   4              		.eabi_attribute 20, 1
   5              		.eabi_attribute 21, 1
   6              		.eabi_attribute 23, 3
   7              		.eabi_attribute 24, 1
   8              		.eabi_attribute 25, 1
   9              		.eabi_attribute 26, 1
  10              		.eabi_attribute 30, 6
  11              		.eabi_attribute 34, 1
  12              		.eabi_attribute 18, 4
  13              		.file	"los_tickless.c"
  14              		.text
  15              	.Ltext0:
  16              		.cfi_sections	.debug_frame
  17              	.Letext0:
  18              		.file 1 "c:\\users\\\300\356\310\360\307\277\\opensourcetools\\gnu tools arm embedded\\7 2018-q2-u
  19              		.file 2 "c:\\users\\\300\356\310\360\307\277\\opensourcetools\\gnu tools arm embedded\\7 2018-q2-u
  20              		.file 3 "c:\\users\\\300\356\310\360\307\277\\opensourcetools\\gnu tools arm embedded\\7 2018-q2-u
  21              		.file 4 "c:\\users\\\300\356\310\360\307\277\\opensourcetools\\gnu tools arm embedded\\7 2018-q2-u
  22              		.file 5 "c:\\users\\\300\356\310\360\307\277\\opensourcetools\\gnu tools arm embedded\\7 2018-q2-u
  23              		.file 6 "C:/Users/\300\356\310\360\307\277/.icode/sdk/IoT_LINK_1.0.0/iot_link/os/liteos/include/lo
  24              		.file 7 "c:\\users\\\300\356\310\360\307\277\\opensourcetools\\gnu tools arm embedded\\7 2018-q2-u
  25              		.file 8 "C:/Users/\300\356\310\360\307\277/.icode/sdk/IoT_LINK_1.0.0/iot_link/os/liteos/arch/arm/c
  26              		.file 9 "D:/shiyan/shiyan2/targets/STM32L431_BearPi/Inc/system_stm32l4xx.h"
  27              		.file 10 "C:/Users/\300\356\310\360\307\277/.icode/sdk/IoT_LINK_1.0.0/iot_link/os/liteos/include/l
  28              		.file 11 "C:/Users/\300\356\310\360\307\277/.icode/sdk/IoT_LINK_1.0.0/iot_link/os/liteos/include/l
  29              		.file 12 "C:/Users/\300\356\310\360\307\277/.icode/sdk/IoT_LINK_1.0.0/iot_link/os/liteos/include/l
  30              		.file 13 "C:/Users/\300\356\310\360\307\277/.icode/sdk/IoT_LINK_1.0.0/iot_link/os/liteos/include/l
  31              		.file 14 "C:/Users/\300\356\310\360\307\277/.icode/sdk/IoT_LINK_1.0.0/iot_link/os/liteos/arch/arm/
  32              		.file 15 "C:/Users/\300\356\310\360\307\277/.icode/sdk/IoT_LINK_1.0.0/iot_link/os/liteos/include/l
  33              		.file 16 "C:/Users/\300\356\310\360\307\277/.icode/sdk/IoT_LINK_1.0.0/iot_link/os/liteos/base/incl
  34              		.file 17 "C:/Users/\300\356\310\360\307\277/.icode/sdk/IoT_LINK_1.0.0/iot_link/os/liteos/extended/
  35              		.file 18 "C:/Users/\300\356\310\360\307\277/.icode/sdk/IoT_LINK_1.0.0/iot_link/os/liteos/include/l
  36              		.file 19 "C:/Users/\300\356\310\360\307\277/.icode/sdk/IoT_LINK_1.0.0/iot_link/os/liteos/base/incl
ARM GAS  C:\Users\李瑞强\AppData\Local\Temp\ccS8oZ6Z.s 			page 2


DEFINED SYMBOLS
                            *ABS*:00000000 los_tickless.c

NO UNDEFINED SYMBOLS
